
=== Tue Jun  4 16:55:01 2019

Packages were changed.
Update Mode: updateDependencies

The following packages were added:
  com.unity.collab-proxy@1.2.15
The following packages were updated:
  com.unity.analytics from version 2.0.16 to 3.2.2
  com.unity.package-manager-ui from version 1.9.11 to 2.0.7
  com.unity.textmeshpro from version 1.2.4 to 1.3.0

=== Tue Jun 11 11:17:54 2019

Packages were changed.
Update Mode: updateDependencies

The following packages were updated:
  com.unity.textmeshpro from version 1.3.0 to 1.4.1

=== Fri Jul 19 11:47:56 2019

Packages were changed.
Update Mode: updateDependencies

The following packages were added:
  com.unity.timeline@1.0.0
  com.unity.multiplayer-hlapi@1.0.2
  com.unity.xr.legacyinputhelpers@2.0.2
The following packages were updated:
  com.unity.analytics from version 3.2.2 to 3.3.2
  com.unity.package-manager-ui from version 2.0.7 to 2.1.2
  com.unity.textmeshpro from version 1.4.1 to 2.0.1

=== Wed Jan 27 16:42:57 2021

Packages were changed.
Update Mode: updateDependencies

The following packages were added:
  com.unity.2d.tilemap@1.0.0
  com.unity.ext.nunit@1.0.0
  com.unity.test-framework@1.0.13
  com.unity.2d.sprite@1.0.0
  com.unity.ide.vscode@1.1.3
  com.unity.ide.rider@1.1.0
  com.unity.ugui@1.0.0
  com.unity.modules.androidjni@1.0.0
The following packages were updated:
  com.unity.package-manager-ui from version 2.1.2 to 2.2.0
  com.unity.timeline from version 1.0.0 to 1.1.0

=== Mon Feb  8 12:25:24 2021

Packages were changed.
Update Mode: updateDependencies

The following packages were added:
  com.unity.collab-proxy@1.2.16
  com.unity.multiplayer-hlapi@1.0.6
  com.unity.xr.legacyinputhelpers@2.1.6
The following packages were updated:
  com.unity.2d.animation from version 2.1.0-preview.7 to 3.2.5
  com.unity.ads from version 2.0.8 to 3.5.2
  com.unity.analytics from version 3.3.2 to 3.3.5
  com.unity.ext.nunit from version 1.0.0 to 1.0.5
  com.unity.ide.rider from version 1.1.0 to 1.1.4
  com.unity.ide.vscode from version 1.1.3 to 1.2.3
  com.unity.purchasing from version 2.0.6 to 2.2.1
  com.unity.test-framework from version 1.0.13 to 1.1.19
  com.unity.timeline from version 1.1.0 to 1.2.6
The following packages were removed:
  com.unity.package-manager-ui@2.2.0

=== Tue Jun 22 13:40:31 2021

Packages were changed.
Update Mode: updateDependencies

The following packages were updated:
  com.unity.ext.nunit from version 1.0.5 to 1.0.6
  com.unity.ide.rider from version 1.1.4 to 1.2.1
  com.unity.multiplayer-hlapi from version 1.0.6 to 1.0.8
  com.unity.purchasing from version 2.2.1 to 3.0.2
  com.unity.test-framework from version 1.1.19 to 1.1.24
  com.unity.textmeshpro from version 2.0.1 to 2.1.4
  com.unity.timeline from version 1.2.6 to 1.2.18
  com.unity.xr.legacyinputhelpers from version 2.1.6 to 2.1.7

=== Fri Dec 10 15:01:04 2021

Packages were changed.
Update Mode: updateDependencies

The following packages were updated:
  com.unity.2d.animation from version 3.2.5 to 3.2.9
  com.unity.analytics from version 3.3.5 to 3.6.11
  com.unity.collab-proxy from version 1.2.16 to 1.12.5
  com.unity.ide.vscode from version 1.2.3 to 1.2.4
  com.unity.mobile.notifications from version 1.3.2 to 1.4.2
  com.unity.test-framework from version 1.1.24 to 1.1.29
  com.unity.xr.legacyinputhelpers from version 2.1.7 to 2.1.8

=== Mon Dec 13 01:31:54 2021

Packages were changed.
Update Mode: updateDependencies

The following packages were updated:
  com.unity.2d.animation from version 3.2.9 to 3.2.13
  com.unity.analytics from version 3.6.11 to 3.6.12
  com.unity.collab-proxy from version 1.12.5 to 1.14.1

=== Fri Mar 18 14:00:04 2022

Packages were changed.
Update Mode: updateDependencies

The following packages were updated:
  com.unity.2d.animation from version 3.2.13 to 3.2.14
  com.unity.collab-proxy from version 1.14.1 to 1.14.12
  com.unity.test-framework from version 1.1.29 to 1.1.30

=== Wed Jun  8 11:58:45 2022

Packages were changed.
Update Mode: updateDependencies

The following packages were updated:
  com.unity.ide.vscode from version 1.2.4 to 1.2.5
  com.unity.mobile.notifications from version 1.4.2 to 2.0.0
  com.unity.purchasing from version 4.1.2 to 4.1.3
  com.unity.test-framework from version 1.1.30 to 1.1.31
  com.unity.xr.legacyinputhelpers from version 2.1.8 to 2.1.9

=== Wed Aug 10 00:02:05 2022

Packages were changed.
Update Mode: updateDependencies

The following packages were updated:
  com.unity.2d.animation from version 3.2.14 to 3.2.17
  com.unity.collab-proxy from version 1.14.15 to 1.14.18
  com.unity.mobile.android-logcat from version 1.2.3 to 1.3.2
  com.unity.purchasing from version 4.1.3 to 4.1.5

=== Mon Dec  5 16:53:10 2022

Packages were changed.
Update Mode: updateDependencies

The following packages were added:
  com.unity.ide.visualstudio@2.0.14
The following packages were updated:
  com.unity.2d.animation from version 3.2.18 to 5.1.0
  com.unity.collab-proxy from version 1.14.18 to 1.15.12
  com.unity.ide.rider from version 1.2.1 to 2.0.7
  com.unity.textmeshpro from version 2.1.6 to 3.0.6
  com.unity.timeline from version 1.2.18 to 1.4.8

=== Fri Feb 10 11:43:14 2023

Packages were changed.
Update Mode: updateDependencies

The following packages were updated:
  com.unity.2d.animation from version 5.1.0 to 5.2.0
  com.unity.collab-proxy from version 1.15.12 to 1.17.7
  com.unity.ide.rider from version 2.0.7 to 3.0.17
  com.unity.ide.visualstudio from version 2.0.14 to 2.0.17
  com.unity.mobile.notifications from version 2.0.2 to 2.1.0
  com.unity.purchasing from version 4.5.1 to 4.5.2
  com.unity.xr.legacyinputhelpers from version 2.1.9 to 2.1.10

=== Tue Jan 28 12:31:18 2025

Packages were changed.
Update Mode: updateDependencies

The following packages were updated:
  com.unity.2d.animation from version 9.0.4 to 9.1.3
  com.unity.collab-proxy from version 2.2.0 to 2.6.0
  com.unity.ide.rider from version 3.0.26 to 3.0.34
  com.unity.mobile.android-logcat from version 1.3.2 to 1.4.4
  com.unity.mobile.notifications from version 2.3.0 to 2.4.0
  com.unity.purchasing from version 4.10.0 to 4.11.0
  com.unity.textmeshpro from version 3.0.6 to 3.0.7
  com.unity.xr.legacyinputhelpers from version 2.1.10 to 2.1.11

=== Fri Jul 18 12:35:58 2025

Packages were changed.
Update Mode: updateDependencies

The following packages were updated:
  com.unity.addressables from version 1.21.21 to 1.22.3
